[2019-09-19 00:26:33.263] [exthost] [info] extension host started
[2019-09-19 00:26:33.876] [exthost] [info] extension host started
[2019-09-19 00:26:33.909] [exthost] [info] ExtensionService#_doActivateExtension christian-kohler.path-intellisense {"startup":true,"activationEvent":"*"}
[2019-09-19 00:26:33.909] [exthost] [info] ExtensionService#loadCommonJSModule C:\Users\root\.p2\pool\plugins\com.genuitec.eclipse.code.extensions.core.win32.x86_64_3.4.0.201908201454\extensions\christian-kohler.path-intellisense-1.4.2\out\src\extension
[2019-09-19 00:26:33.936] [exthost] [info] ExtensionService#_doActivateExtension dbaeumer.vscode-eslint {"startup":true,"activationEvent":"*"}
[2019-09-19 00:26:33.936] [exthost] [info] ExtensionService#loadCommonJSModule C:\Users\root\.p2\pool\plugins\com.genuitec.eclipse.code.extensions.core.win32.x86_64_3.4.0.201908201454\extensions\dbaeumer.vscode-eslint-1.9.0\client\out\extension
[2019-09-19 00:26:33.985] [exthost] [info] ExtensionService#_doActivateExtension vscode.debug-auto-launch {"startup":true,"activationEvent":"*"}
[2019-09-19 00:26:33.985] [exthost] [info] ExtensionService#loadCommonJSModule c:\Users\root\.p2\pool\plugins\com.genuitec.eclipse.code.engine.app.win32.x86_64_3.4.0.201908201543\engine\resources\app\extensions\debug-auto-launch\dist\extension
[2019-09-19 00:26:33.990] [exthost] [info] ExtensionService#_doActivateExtension vscode.emmet {"startup":true,"activationEvent":"*"}
[2019-09-19 00:26:33.990] [exthost] [info] ExtensionService#loadCommonJSModule c:\Users\root\.p2\pool\plugins\com.genuitec.eclipse.code.engine.app.win32.x86_64_3.4.0.201908201543\engine\resources\app\extensions\emmet\dist\extension
[2019-09-19 00:26:34.009] [exthost] [info] ExtensionService#_doActivateExtension formulahendry.auto-close-tag {"startup":true,"activationEvent":"*"}
[2019-09-19 00:26:34.009] [exthost] [info] ExtensionService#loadCommonJSModule C:\Users\root\.p2\pool\plugins\com.genuitec.eclipse.code.extensions.core.win32.x86_64_3.4.0.201908201454\extensions\formulahendry.auto-close-tag-0.5.6\out\src\extension
[2019-09-19 00:26:34.011] [exthost] [info] ExtensionService#_doActivateExtension HookyQR.beautify {"startup":true,"activationEvent":"*"}
[2019-09-19 00:26:34.011] [exthost] [info] ExtensionService#loadCommonJSModule C:\Users\root\.p2\pool\plugins\com.genuitec.eclipse.code.extensions.core.win32.x86_64_3.4.0.201908201454\extensions\hookyqr.beautify-1.4.11\extension
[2019-09-19 00:26:34.090] [exthost] [info] ExtensionService#_doActivateExtension vscode.grunt {"startup":false,"activationEvent":"onCommand:workbench.action.tasks.runTask"}
[2019-09-19 00:26:34.090] [exthost] [info] ExtensionService#loadCommonJSModule c:\Users\root\.p2\pool\plugins\com.genuitec.eclipse.code.engine.app.win32.x86_64_3.4.0.201908201543\engine\resources\app\extensions\grunt\dist\main
[2019-09-19 00:26:34.094] [exthost] [info] ExtensionService#_doActivateExtension vscode.gulp {"startup":false,"activationEvent":"onCommand:workbench.action.tasks.runTask"}
[2019-09-19 00:26:34.094] [exthost] [info] ExtensionService#loadCommonJSModule c:\Users\root\.p2\pool\plugins\com.genuitec.eclipse.code.engine.app.win32.x86_64_3.4.0.201908201543\engine\resources\app\extensions\gulp\dist\main
[2019-09-19 00:26:34.098] [exthost] [info] ExtensionService#_doActivateExtension vscode.jake {"startup":false,"activationEvent":"onCommand:workbench.action.tasks.runTask"}
[2019-09-19 00:26:34.098] [exthost] [info] ExtensionService#loadCommonJSModule c:\Users\root\.p2\pool\plugins\com.genuitec.eclipse.code.engine.app.win32.x86_64_3.4.0.201908201543\engine\resources\app\extensions\jake\dist\main
[2019-09-19 00:26:34.102] [exthost] [info] ExtensionService#_doActivateExtension vscode.npm {"startup":false,"activationEvent":"onCommand:workbench.action.tasks.runTask"}
[2019-09-19 00:26:34.102] [exthost] [info] ExtensionService#loadCommonJSModule c:\Users\root\.p2\pool\plugins\com.genuitec.eclipse.code.engine.app.win32.x86_64_3.4.0.201908201543\engine\resources\app\extensions\npm\dist\main
[2019-09-19 00:26:34.140] [exthost] [info] ExtensionService#_doActivateExtension vscode.typescript-language-features {"startup":false,"activationEvent":"onCommand:workbench.action.tasks.runTask"}
[2019-09-19 00:26:34.140] [exthost] [info] ExtensionService#loadCommonJSModule c:\Users\root\.p2\pool\plugins\com.genuitec.eclipse.code.engine.app.win32.x86_64_3.4.0.201908201543\engine\resources\app\extensions\typescript-language-features\dist\extension
[2019-09-19 00:26:34.210] [exthost] [info] eager extensions activated
